Determining if the pthread_create exist failed with the following output:
Change Dir: /home/plinux/RosPacks/masterTank/build_isolated/map_server/CMakeFiles/CMakeTmp

Run Build Command:"/usr/bin/make" "cmTC_5db1b/fast"
/usr/bin/make -f CMakeFiles/cmTC_5db1b.dir/build.make CMakeFiles/cmTC_5db1b.dir/build
make[1]: Entering directory '/home/plinux/RosPacks/masterTank/build_isolated/map_server/CMakeFiles/CMakeTmp'
Building C object CMakeFiles/cmTC_5db1b.dir/CheckSymbolExists.c.o
/usr/bin/cc     -o CMakeFiles/cmTC_5db1b.dir/CheckSymbolExists.c.o   -c /home/plinux/RosPacks/masterTank/build_isolated/map_server/CMakeFiles/CMakeTmp/CheckSymbolExists.c
Linking C executable cmTC_5db1b
/usr/bin/cmake -E cmake_link_script CMakeFiles/cmTC_5db1b.dir/link.txt --verbose=1
/usr/bin/cc       CMakeFiles/cmTC_5db1b.dir/CheckSymbolExists.c.o  -o cmTC_5db1b -rdynamic 
CMakeFiles/cmTC_5db1b.dir/CheckSymbolExists.c.o: In function `main':
CheckSymbolExists.c:(.text+0x16): undefined reference to `pthread_create'
collect2: error: ld returned 1 exit status
CMakeFiles/cmTC_5db1b.dir/build.make:97: recipe for target 'cmTC_5db1b' failed
make[1]: *** [cmTC_5db1b] Error 1
make[1]: Leaving directory '/home/plinux/RosPacks/masterTank/build_isolated/map_server/CMakeFiles/CMakeTmp'
Makefile:126: recipe for target 'cmTC_5db1b/fast' failed
make: *** [cmTC_5db1b/fast] Error 2

File /home/plinux/RosPacks/masterTank/build_isolated/map_server/CMakeFiles/CMakeTmp/CheckSymbolExists.c:
/* */
#include <pthread.h>

int main(int argc, char** argv)
{
  (void)argv;
#ifndef pthread_create
  return ((int*)(&pthread_create))[argc];
#else
  (void)argc;
  return 0;
#endif
}

Determining if the function pthread_create exists in the pthreads failed with the following output:
Change Dir: /home/plinux/RosPacks/masterTank/build_isolated/map_server/CMakeFiles/CMakeTmp

Run Build Command:"/usr/bin/make" "cmTC_44902/fast"
/usr/bin/make -f CMakeFiles/cmTC_44902.dir/build.make CMakeFiles/cmTC_44902.dir/build
make[1]: Entering directory '/home/plinux/RosPacks/masterTank/build_isolated/map_server/CMakeFiles/CMakeTmp'
Building C object CMakeFiles/cmTC_44902.dir/CheckFunctionExists.c.o
/usr/bin/cc    -DCHECK_FUNCTION_EXISTS=pthread_create   -o CMakeFiles/cmTC_44902.dir/CheckFunctionExists.c.o   -c /usr/share/cmake-3.5/Modules/CheckFunctionExists.c
Linking C executable cmTC_44902
/usr/bin/cmake -E cmake_link_script CMakeFiles/cmTC_44902.dir/link.txt --verbose=1
/usr/bin/cc   -DCHECK_FUNCTION_EXISTS=pthread_create    CMakeFiles/cmTC_44902.dir/CheckFunctionExists.c.o  -o cmTC_44902 -rdynamic -lpthreads 
/usr/bin/ld: cannot find -lpthreads
collect2: error: ld returned 1 exit status
CMakeFiles/cmTC_44902.dir/build.make:97: recipe for target 'cmTC_44902' failed
make[1]: *** [cmTC_44902] Error 1
make[1]: Leaving directory '/home/plinux/RosPacks/masterTank/build_isolated/map_server/CMakeFiles/CMakeTmp'
Makefile:126: recipe for target 'cmTC_44902/fast' failed
make: *** [cmTC_44902/fast] Error 2


