Determining if the pthread_create exist failed with the following output:
Change Dir: /home/plinux/RosPacks/masterTank/build_isolated/carrot_planner/CMakeFiles/CMakeTmp

Run Build Command:"/usr/bin/make" "cmTC_a179e/fast"
/usr/bin/make -f CMakeFiles/cmTC_a179e.dir/build.make CMakeFiles/cmTC_a179e.dir/build
make[1]: Entering directory '/home/plinux/RosPacks/masterTank/build_isolated/carrot_planner/CMakeFiles/CMakeTmp'
Building C object CMakeFiles/cmTC_a179e.dir/CheckSymbolExists.c.o
/usr/bin/cc     -o CMakeFiles/cmTC_a179e.dir/CheckSymbolExists.c.o   -c /home/plinux/RosPacks/masterTank/build_isolated/carrot_planner/CMakeFiles/CMakeTmp/CheckSymbolExists.c
Linking C executable cmTC_a179e
/usr/bin/cmake -E cmake_link_script CMakeFiles/cmTC_a179e.dir/link.txt --verbose=1
/usr/bin/cc       CMakeFiles/cmTC_a179e.dir/CheckSymbolExists.c.o  -o cmTC_a179e -rdynamic 
CMakeFiles/cmTC_a179e.dir/CheckSymbolExists.c.o: In function `main':
CheckSymbolExists.c:(.text+0x16): undefined reference to `pthread_create'
collect2: error: ld returned 1 exit status
CMakeFiles/cmTC_a179e.dir/build.make:97: recipe for target 'cmTC_a179e' failed
make[1]: *** [cmTC_a179e] Error 1
make[1]: Leaving directory '/home/plinux/RosPacks/masterTank/build_isolated/carrot_planner/CMakeFiles/CMakeTmp'
Makefile:126: recipe for target 'cmTC_a179e/fast' failed
make: *** [cmTC_a179e/fast] Error 2

File /home/plinux/RosPacks/masterTank/build_isolated/carrot_planner/CMakeFiles/CMakeTmp/CheckSymbolExists.c:
/* */
#include <pthread.h>

int main(int argc, char** argv)
{
  (void)argv;
#ifndef pthread_create
  return ((int*)(&pthread_create))[argc];
#else
  (void)argc;
  return 0;
#endif
}

Determining if the function pthread_create exists in the pthreads failed with the following output:
Change Dir: /home/plinux/RosPacks/masterTank/build_isolated/carrot_planner/CMakeFiles/CMakeTmp

Run Build Command:"/usr/bin/make" "cmTC_9ebbc/fast"
/usr/bin/make -f CMakeFiles/cmTC_9ebbc.dir/build.make CMakeFiles/cmTC_9ebbc.dir/build
make[1]: Entering directory '/home/plinux/RosPacks/masterTank/build_isolated/carrot_planner/CMakeFiles/CMakeTmp'
Building C object CMakeFiles/cmTC_9ebbc.dir/CheckFunctionExists.c.o
/usr/bin/cc    -DCHECK_FUNCTION_EXISTS=pthread_create   -o CMakeFiles/cmTC_9ebbc.dir/CheckFunctionExists.c.o   -c /usr/share/cmake-3.5/Modules/CheckFunctionExists.c
Linking C executable cmTC_9ebbc
/usr/bin/cmake -E cmake_link_script CMakeFiles/cmTC_9ebbc.dir/link.txt --verbose=1
/usr/bin/cc   -DCHECK_FUNCTION_EXISTS=pthread_create    CMakeFiles/cmTC_9ebbc.dir/CheckFunctionExists.c.o  -o cmTC_9ebbc -rdynamic -lpthreads 
/usr/bin/ld: cannot find -lpthreads
collect2: error: ld returned 1 exit status
CMakeFiles/cmTC_9ebbc.dir/build.make:97: recipe for target 'cmTC_9ebbc' failed
make[1]: *** [cmTC_9ebbc] Error 1
make[1]: Leaving directory '/home/plinux/RosPacks/masterTank/build_isolated/carrot_planner/CMakeFiles/CMakeTmp'
Makefile:126: recipe for target 'cmTC_9ebbc/fast' failed
make: *** [cmTC_9ebbc/fast] Error 2


