Determining if the pthread_create exist failed with the following output:
Change Dir: /home/plinux/RosPacks/masterTank/build_isolated/move_slow_and_clear/CMakeFiles/CMakeTmp

Run Build Command:"/usr/bin/make" "cmTC_21a0e/fast"
/usr/bin/make -f CMakeFiles/cmTC_21a0e.dir/build.make CMakeFiles/cmTC_21a0e.dir/build
make[1]: Entering directory '/home/plinux/RosPacks/masterTank/build_isolated/move_slow_and_clear/CMakeFiles/CMakeTmp'
Building C object CMakeFiles/cmTC_21a0e.dir/CheckSymbolExists.c.o
/usr/bin/cc     -o CMakeFiles/cmTC_21a0e.dir/CheckSymbolExists.c.o   -c /home/plinux/RosPacks/masterTank/build_isolated/move_slow_and_clear/CMakeFiles/CMakeTmp/CheckSymbolExists.c
Linking C executable cmTC_21a0e
/usr/bin/cmake -E cmake_link_script CMakeFiles/cmTC_21a0e.dir/link.txt --verbose=1
/usr/bin/cc       CMakeFiles/cmTC_21a0e.dir/CheckSymbolExists.c.o  -o cmTC_21a0e -rdynamic 
CMakeFiles/cmTC_21a0e.dir/CheckSymbolExists.c.o: In function `main':
CheckSymbolExists.c:(.text+0x16): undefined reference to `pthread_create'
collect2: error: ld returned 1 exit status
CMakeFiles/cmTC_21a0e.dir/build.make:97: recipe for target 'cmTC_21a0e' failed
make[1]: *** [cmTC_21a0e] Error 1
make[1]: Leaving directory '/home/plinux/RosPacks/masterTank/build_isolated/move_slow_and_clear/CMakeFiles/CMakeTmp'
Makefile:126: recipe for target 'cmTC_21a0e/fast' failed
make: *** [cmTC_21a0e/fast] Error 2

File /home/plinux/RosPacks/masterTank/build_isolated/move_slow_and_clear/CMakeFiles/CMakeTmp/CheckSymbolExists.c:
/* */
#include <pthread.h>

int main(int argc, char** argv)
{
  (void)argv;
#ifndef pthread_create
  return ((int*)(&pthread_create))[argc];
#else
  (void)argc;
  return 0;
#endif
}

Determining if the function pthread_create exists in the pthreads failed with the following output:
Change Dir: /home/plinux/RosPacks/masterTank/build_isolated/move_slow_and_clear/CMakeFiles/CMakeTmp

Run Build Command:"/usr/bin/make" "cmTC_b080d/fast"
/usr/bin/make -f CMakeFiles/cmTC_b080d.dir/build.make CMakeFiles/cmTC_b080d.dir/build
make[1]: Entering directory '/home/plinux/RosPacks/masterTank/build_isolated/move_slow_and_clear/CMakeFiles/CMakeTmp'
Building C object CMakeFiles/cmTC_b080d.dir/CheckFunctionExists.c.o
/usr/bin/cc    -DCHECK_FUNCTION_EXISTS=pthread_create   -o CMakeFiles/cmTC_b080d.dir/CheckFunctionExists.c.o   -c /usr/share/cmake-3.5/Modules/CheckFunctionExists.c
Linking C executable cmTC_b080d
/usr/bin/cmake -E cmake_link_script CMakeFiles/cmTC_b080d.dir/link.txt --verbose=1
/usr/bin/cc   -DCHECK_FUNCTION_EXISTS=pthread_create    CMakeFiles/cmTC_b080d.dir/CheckFunctionExists.c.o  -o cmTC_b080d -rdynamic -lpthreads 
/usr/bin/ld: cannot find -lpthreads
collect2: error: ld returned 1 exit status
CMakeFiles/cmTC_b080d.dir/build.make:97: recipe for target 'cmTC_b080d' failed
make[1]: *** [cmTC_b080d] Error 1
make[1]: Leaving directory '/home/plinux/RosPacks/masterTank/build_isolated/move_slow_and_clear/CMakeFiles/CMakeTmp'
Makefile:126: recipe for target 'cmTC_b080d/fast' failed
make: *** [cmTC_b080d/fast] Error 2


