Determining if the pthread_create exist failed with the following output:
Change Dir: /home/plinux/RosPacks/masterTank/build_isolated/rotate_recovery/CMakeFiles/CMakeTmp

Run Build Command:"/usr/bin/make" "cmTC_ea22f/fast"
/usr/bin/make -f CMakeFiles/cmTC_ea22f.dir/build.make CMakeFiles/cmTC_ea22f.dir/build
make[1]: Entering directory '/home/plinux/RosPacks/masterTank/build_isolated/rotate_recovery/CMakeFiles/CMakeTmp'
Building C object CMakeFiles/cmTC_ea22f.dir/CheckSymbolExists.c.o
/usr/bin/cc     -o CMakeFiles/cmTC_ea22f.dir/CheckSymbolExists.c.o   -c /home/plinux/RosPacks/masterTank/build_isolated/rotate_recovery/CMakeFiles/CMakeTmp/CheckSymbolExists.c
Linking C executable cmTC_ea22f
/usr/bin/cmake -E cmake_link_script CMakeFiles/cmTC_ea22f.dir/link.txt --verbose=1
/usr/bin/cc       CMakeFiles/cmTC_ea22f.dir/CheckSymbolExists.c.o  -o cmTC_ea22f -rdynamic 
CMakeFiles/cmTC_ea22f.dir/CheckSymbolExists.c.o: In function `main':
CheckSymbolExists.c:(.text+0x16): undefined reference to `pthread_create'
collect2: error: ld returned 1 exit status
CMakeFiles/cmTC_ea22f.dir/build.make:97: recipe for target 'cmTC_ea22f' failed
make[1]: *** [cmTC_ea22f] Error 1
make[1]: Leaving directory '/home/plinux/RosPacks/masterTank/build_isolated/rotate_recovery/CMakeFiles/CMakeTmp'
Makefile:126: recipe for target 'cmTC_ea22f/fast' failed
make: *** [cmTC_ea22f/fast] Error 2

File /home/plinux/RosPacks/masterTank/build_isolated/rotate_recovery/CMakeFiles/CMakeTmp/CheckSymbolExists.c:
/* */
#include <pthread.h>

int main(int argc, char** argv)
{
  (void)argv;
#ifndef pthread_create
  return ((int*)(&pthread_create))[argc];
#else
  (void)argc;
  return 0;
#endif
}

Determining if the function pthread_create exists in the pthreads failed with the following output:
Change Dir: /home/plinux/RosPacks/masterTank/build_isolated/rotate_recovery/CMakeFiles/CMakeTmp

Run Build Command:"/usr/bin/make" "cmTC_a9e3d/fast"
/usr/bin/make -f CMakeFiles/cmTC_a9e3d.dir/build.make CMakeFiles/cmTC_a9e3d.dir/build
make[1]: Entering directory '/home/plinux/RosPacks/masterTank/build_isolated/rotate_recovery/CMakeFiles/CMakeTmp'
Building C object CMakeFiles/cmTC_a9e3d.dir/CheckFunctionExists.c.o
/usr/bin/cc    -DCHECK_FUNCTION_EXISTS=pthread_create   -o CMakeFiles/cmTC_a9e3d.dir/CheckFunctionExists.c.o   -c /usr/share/cmake-3.5/Modules/CheckFunctionExists.c
Linking C executable cmTC_a9e3d
/usr/bin/cmake -E cmake_link_script CMakeFiles/cmTC_a9e3d.dir/link.txt --verbose=1
/usr/bin/cc   -DCHECK_FUNCTION_EXISTS=pthread_create    CMakeFiles/cmTC_a9e3d.dir/CheckFunctionExists.c.o  -o cmTC_a9e3d -rdynamic -lpthreads 
/usr/bin/ld: cannot find -lpthreads
collect2: error: ld returned 1 exit status
CMakeFiles/cmTC_a9e3d.dir/build.make:97: recipe for target 'cmTC_a9e3d' failed
make[1]: *** [cmTC_a9e3d] Error 1
make[1]: Leaving directory '/home/plinux/RosPacks/masterTank/build_isolated/rotate_recovery/CMakeFiles/CMakeTmp'
Makefile:126: recipe for target 'cmTC_a9e3d/fast' failed
make: *** [cmTC_a9e3d/fast] Error 2


