Determining if the pthread_create exist failed with the following output:
Change Dir: /home/plinux/RosPacks/masterTank/build_isolated/robot_pose_ekf/CMakeFiles/CMakeTmp

Run Build Command:"/usr/bin/make" "cmTC_1fc36/fast"
/usr/bin/make -f CMakeFiles/cmTC_1fc36.dir/build.make CMakeFiles/cmTC_1fc36.dir/build
make[1]: Entering directory '/home/plinux/RosPacks/masterTank/build_isolated/robot_pose_ekf/CMakeFiles/CMakeTmp'
Building C object CMakeFiles/cmTC_1fc36.dir/CheckSymbolExists.c.o
/usr/bin/cc     -o CMakeFiles/cmTC_1fc36.dir/CheckSymbolExists.c.o   -c /home/plinux/RosPacks/masterTank/build_isolated/robot_pose_ekf/CMakeFiles/CMakeTmp/CheckSymbolExists.c
Linking C executable cmTC_1fc36
/usr/bin/cmake -E cmake_link_script CMakeFiles/cmTC_1fc36.dir/link.txt --verbose=1
/usr/bin/cc       CMakeFiles/cmTC_1fc36.dir/CheckSymbolExists.c.o  -o cmTC_1fc36 -rdynamic 
CMakeFiles/cmTC_1fc36.dir/CheckSymbolExists.c.o: In function `main':
CheckSymbolExists.c:(.text+0x16): undefined reference to `pthread_create'
collect2: error: ld returned 1 exit status
CMakeFiles/cmTC_1fc36.dir/build.make:97: recipe for target 'cmTC_1fc36' failed
make[1]: *** [cmTC_1fc36] Error 1
make[1]: Leaving directory '/home/plinux/RosPacks/masterTank/build_isolated/robot_pose_ekf/CMakeFiles/CMakeTmp'
Makefile:126: recipe for target 'cmTC_1fc36/fast' failed
make: *** [cmTC_1fc36/fast] Error 2

File /home/plinux/RosPacks/masterTank/build_isolated/robot_pose_ekf/CMakeFiles/CMakeTmp/CheckSymbolExists.c:
/* */
#include <pthread.h>

int main(int argc, char** argv)
{
  (void)argv;
#ifndef pthread_create
  return ((int*)(&pthread_create))[argc];
#else
  (void)argc;
  return 0;
#endif
}

Determining if the function pthread_create exists in the pthreads failed with the following output:
Change Dir: /home/plinux/RosPacks/masterTank/build_isolated/robot_pose_ekf/CMakeFiles/CMakeTmp

Run Build Command:"/usr/bin/make" "cmTC_da934/fast"
/usr/bin/make -f CMakeFiles/cmTC_da934.dir/build.make CMakeFiles/cmTC_da934.dir/build
make[1]: Entering directory '/home/plinux/RosPacks/masterTank/build_isolated/robot_pose_ekf/CMakeFiles/CMakeTmp'
Building C object CMakeFiles/cmTC_da934.dir/CheckFunctionExists.c.o
/usr/bin/cc    -DCHECK_FUNCTION_EXISTS=pthread_create   -o CMakeFiles/cmTC_da934.dir/CheckFunctionExists.c.o   -c /usr/share/cmake-3.5/Modules/CheckFunctionExists.c
Linking C executable cmTC_da934
/usr/bin/cmake -E cmake_link_script CMakeFiles/cmTC_da934.dir/link.txt --verbose=1
/usr/bin/cc   -DCHECK_FUNCTION_EXISTS=pthread_create    CMakeFiles/cmTC_da934.dir/CheckFunctionExists.c.o  -o cmTC_da934 -rdynamic -lpthreads 
/usr/bin/ld: cannot find -lpthreads
collect2: error: ld returned 1 exit status
CMakeFiles/cmTC_da934.dir/build.make:97: recipe for target 'cmTC_da934' failed
make[1]: *** [cmTC_da934] Error 1
make[1]: Leaving directory '/home/plinux/RosPacks/masterTank/build_isolated/robot_pose_ekf/CMakeFiles/CMakeTmp'
Makefile:126: recipe for target 'cmTC_da934/fast' failed
make: *** [cmTC_da934/fast] Error 2


