Determining if the pthread_create exist failed with the following output:
Change Dir: /home/thor/Dropbox/DTU_5_sem/Ros/masterTank/build_isolated/driver_common/CMakeFiles/CMakeTmp

Run Build Command:"/usr/bin/make" "cmTC_e7c57/fast"
/usr/bin/make -f CMakeFiles/cmTC_e7c57.dir/build.make CMakeFiles/cmTC_e7c57.dir/build
make[1]: Entering directory '/home/thor/Dropbox/DTU_5_sem/Ros/masterTank/build_isolated/driver_common/CMakeFiles/CMakeTmp'
Building C object CMakeFiles/cmTC_e7c57.dir/CheckSymbolExists.c.o
/usr/bin/cc     -o CMakeFiles/cmTC_e7c57.dir/CheckSymbolExists.c.o   -c /home/thor/Dropbox/DTU_5_sem/Ros/masterTank/build_isolated/driver_common/CMakeFiles/CMakeTmp/CheckSymbolExists.c
Linking C executable cmTC_e7c57
/usr/bin/cmake -E cmake_link_script CMakeFiles/cmTC_e7c57.dir/link.txt --verbose=1
/usr/bin/cc       CMakeFiles/cmTC_e7c57.dir/CheckSymbolExists.c.o  -o cmTC_e7c57 -rdynamic 
CMakeFiles/cmTC_e7c57.dir/CheckSymbolExists.c.o: In function `main':
CheckSymbolExists.c:(.text+0x16): undefined reference to `pthread_create'
collect2: error: ld returned 1 exit status
CMakeFiles/cmTC_e7c57.dir/build.make:97: recipe for target 'cmTC_e7c57' failed
make[1]: *** [cmTC_e7c57] Error 1
make[1]: Leaving directory '/home/thor/Dropbox/DTU_5_sem/Ros/masterTank/build_isolated/driver_common/CMakeFiles/CMakeTmp'
Makefile:126: recipe for target 'cmTC_e7c57/fast' failed
make: *** [cmTC_e7c57/fast] Error 2

File /home/thor/Dropbox/DTU_5_sem/Ros/masterTank/build_isolated/driver_common/CMakeFiles/CMakeTmp/CheckSymbolExists.c:
/* */
#include <pthread.h>

int main(int argc, char** argv)
{
  (void)argv;
#ifndef pthread_create
  return ((int*)(&pthread_create))[argc];
#else
  (void)argc;
  return 0;
#endif
}

Determining if the function pthread_create exists in the pthreads failed with the following output:
Change Dir: /home/thor/Dropbox/DTU_5_sem/Ros/masterTank/build_isolated/driver_common/CMakeFiles/CMakeTmp

Run Build Command:"/usr/bin/make" "cmTC_6274e/fast"
/usr/bin/make -f CMakeFiles/cmTC_6274e.dir/build.make CMakeFiles/cmTC_6274e.dir/build
make[1]: Entering directory '/home/thor/Dropbox/DTU_5_sem/Ros/masterTank/build_isolated/driver_common/CMakeFiles/CMakeTmp'
Building C object CMakeFiles/cmTC_6274e.dir/CheckFunctionExists.c.o
/usr/bin/cc    -DCHECK_FUNCTION_EXISTS=pthread_create   -o CMakeFiles/cmTC_6274e.dir/CheckFunctionExists.c.o   -c /usr/share/cmake-3.5/Modules/CheckFunctionExists.c
Linking C executable cmTC_6274e
/usr/bin/cmake -E cmake_link_script CMakeFiles/cmTC_6274e.dir/link.txt --verbose=1
/usr/bin/cc   -DCHECK_FUNCTION_EXISTS=pthread_create    CMakeFiles/cmTC_6274e.dir/CheckFunctionExists.c.o  -o cmTC_6274e -rdynamic -lpthreads 
/usr/bin/ld: cannot find -lpthreads
collect2: error: ld returned 1 exit status
CMakeFiles/cmTC_6274e.dir/build.make:97: recipe for target 'cmTC_6274e' failed
make[1]: *** [cmTC_6274e] Error 1
make[1]: Leaving directory '/home/thor/Dropbox/DTU_5_sem/Ros/masterTank/build_isolated/driver_common/CMakeFiles/CMakeTmp'
Makefile:126: recipe for target 'cmTC_6274e/fast' failed
make: *** [cmTC_6274e/fast] Error 2


