Determining if the pthread_create exist failed with the following output:
Change Dir: /home/plinux/RosPacks/masterTank/build_isolated/base_local_planner/CMakeFiles/CMakeTmp

Run Build Command:"/usr/bin/make" "cmTC_50dff/fast"
/usr/bin/make -f CMakeFiles/cmTC_50dff.dir/build.make CMakeFiles/cmTC_50dff.dir/build
make[1]: Entering directory '/home/plinux/RosPacks/masterTank/build_isolated/base_local_planner/CMakeFiles/CMakeTmp'
Building C object CMakeFiles/cmTC_50dff.dir/CheckSymbolExists.c.o
/usr/bin/cc     -o CMakeFiles/cmTC_50dff.dir/CheckSymbolExists.c.o   -c /home/plinux/RosPacks/masterTank/build_isolated/base_local_planner/CMakeFiles/CMakeTmp/CheckSymbolExists.c
Linking C executable cmTC_50dff
/usr/bin/cmake -E cmake_link_script CMakeFiles/cmTC_50dff.dir/link.txt --verbose=1
/usr/bin/cc       CMakeFiles/cmTC_50dff.dir/CheckSymbolExists.c.o  -o cmTC_50dff -rdynamic 
CMakeFiles/cmTC_50dff.dir/CheckSymbolExists.c.o: In function `main':
CheckSymbolExists.c:(.text+0x16): undefined reference to `pthread_create'
collect2: error: ld returned 1 exit status
CMakeFiles/cmTC_50dff.dir/build.make:97: recipe for target 'cmTC_50dff' failed
make[1]: *** [cmTC_50dff] Error 1
make[1]: Leaving directory '/home/plinux/RosPacks/masterTank/build_isolated/base_local_planner/CMakeFiles/CMakeTmp'
Makefile:126: recipe for target 'cmTC_50dff/fast' failed
make: *** [cmTC_50dff/fast] Error 2

File /home/plinux/RosPacks/masterTank/build_isolated/base_local_planner/CMakeFiles/CMakeTmp/CheckSymbolExists.c:
/* */
#include <pthread.h>

int main(int argc, char** argv)
{
  (void)argv;
#ifndef pthread_create
  return ((int*)(&pthread_create))[argc];
#else
  (void)argc;
  return 0;
#endif
}

Determining if the function pthread_create exists in the pthreads failed with the following output:
Change Dir: /home/plinux/RosPacks/masterTank/build_isolated/base_local_planner/CMakeFiles/CMakeTmp

Run Build Command:"/usr/bin/make" "cmTC_49a10/fast"
/usr/bin/make -f CMakeFiles/cmTC_49a10.dir/build.make CMakeFiles/cmTC_49a10.dir/build
make[1]: Entering directory '/home/plinux/RosPacks/masterTank/build_isolated/base_local_planner/CMakeFiles/CMakeTmp'
Building C object CMakeFiles/cmTC_49a10.dir/CheckFunctionExists.c.o
/usr/bin/cc    -DCHECK_FUNCTION_EXISTS=pthread_create   -o CMakeFiles/cmTC_49a10.dir/CheckFunctionExists.c.o   -c /usr/share/cmake-3.5/Modules/CheckFunctionExists.c
Linking C executable cmTC_49a10
/usr/bin/cmake -E cmake_link_script CMakeFiles/cmTC_49a10.dir/link.txt --verbose=1
/usr/bin/cc   -DCHECK_FUNCTION_EXISTS=pthread_create    CMakeFiles/cmTC_49a10.dir/CheckFunctionExists.c.o  -o cmTC_49a10 -rdynamic -lpthreads 
/usr/bin/ld: cannot find -lpthreads
collect2: error: ld returned 1 exit status
CMakeFiles/cmTC_49a10.dir/build.make:97: recipe for target 'cmTC_49a10' failed
make[1]: *** [cmTC_49a10] Error 1
make[1]: Leaving directory '/home/plinux/RosPacks/masterTank/build_isolated/base_local_planner/CMakeFiles/CMakeTmp'
Makefile:126: recipe for target 'cmTC_49a10/fast' failed
make: *** [cmTC_49a10/fast] Error 2


