Determining if the pthread_create exist failed with the following output:
Change Dir: /home/plinux/RosPacks/masterTank/build_isolated/my_robot_name_2dnav/CMakeFiles/CMakeTmp

Run Build Command:"/usr/bin/make" "cmTC_56cbc/fast"
/usr/bin/make -f CMakeFiles/cmTC_56cbc.dir/build.make CMakeFiles/cmTC_56cbc.dir/build
make[1]: Entering directory '/home/plinux/RosPacks/masterTank/build_isolated/my_robot_name_2dnav/CMakeFiles/CMakeTmp'
Building C object CMakeFiles/cmTC_56cbc.dir/CheckSymbolExists.c.o
/usr/bin/cc     -o CMakeFiles/cmTC_56cbc.dir/CheckSymbolExists.c.o   -c /home/plinux/RosPacks/masterTank/build_isolated/my_robot_name_2dnav/CMakeFiles/CMakeTmp/CheckSymbolExists.c
Linking C executable cmTC_56cbc
/usr/bin/cmake -E cmake_link_script CMakeFiles/cmTC_56cbc.dir/link.txt --verbose=1
/usr/bin/cc       CMakeFiles/cmTC_56cbc.dir/CheckSymbolExists.c.o  -o cmTC_56cbc -rdynamic 
CMakeFiles/cmTC_56cbc.dir/CheckSymbolExists.c.o: In function `main':
CheckSymbolExists.c:(.text+0x16): undefined reference to `pthread_create'
collect2: error: ld returned 1 exit status
CMakeFiles/cmTC_56cbc.dir/build.make:97: recipe for target 'cmTC_56cbc' failed
make[1]: *** [cmTC_56cbc] Error 1
make[1]: Leaving directory '/home/plinux/RosPacks/masterTank/build_isolated/my_robot_name_2dnav/CMakeFiles/CMakeTmp'
Makefile:126: recipe for target 'cmTC_56cbc/fast' failed
make: *** [cmTC_56cbc/fast] Error 2

File /home/plinux/RosPacks/masterTank/build_isolated/my_robot_name_2dnav/CMakeFiles/CMakeTmp/CheckSymbolExists.c:
/* */
#include <pthread.h>

int main(int argc, char** argv)
{
  (void)argv;
#ifndef pthread_create
  return ((int*)(&pthread_create))[argc];
#else
  (void)argc;
  return 0;
#endif
}

Determining if the function pthread_create exists in the pthreads failed with the following output:
Change Dir: /home/plinux/RosPacks/masterTank/build_isolated/my_robot_name_2dnav/CMakeFiles/CMakeTmp

Run Build Command:"/usr/bin/make" "cmTC_8a772/fast"
/usr/bin/make -f CMakeFiles/cmTC_8a772.dir/build.make CMakeFiles/cmTC_8a772.dir/build
make[1]: Entering directory '/home/plinux/RosPacks/masterTank/build_isolated/my_robot_name_2dnav/CMakeFiles/CMakeTmp'
Building C object CMakeFiles/cmTC_8a772.dir/CheckFunctionExists.c.o
/usr/bin/cc    -DCHECK_FUNCTION_EXISTS=pthread_create   -o CMakeFiles/cmTC_8a772.dir/CheckFunctionExists.c.o   -c /usr/share/cmake-3.5/Modules/CheckFunctionExists.c
Linking C executable cmTC_8a772
/usr/bin/cmake -E cmake_link_script CMakeFiles/cmTC_8a772.dir/link.txt --verbose=1
/usr/bin/cc   -DCHECK_FUNCTION_EXISTS=pthread_create    CMakeFiles/cmTC_8a772.dir/CheckFunctionExists.c.o  -o cmTC_8a772 -rdynamic -lpthreads 
/usr/bin/ld: cannot find -lpthreads
collect2: error: ld returned 1 exit status
CMakeFiles/cmTC_8a772.dir/build.make:97: recipe for target 'cmTC_8a772' failed
make[1]: *** [cmTC_8a772] Error 1
make[1]: Leaving directory '/home/plinux/RosPacks/masterTank/build_isolated/my_robot_name_2dnav/CMakeFiles/CMakeTmp'
Makefile:126: recipe for target 'cmTC_8a772/fast' failed
make: *** [cmTC_8a772/fast] Error 2


