Determining if the pthread_create exist failed with the following output:
Change Dir: /home/thor/Dropbox/DTU_5_sem/Ros/masterTank/build_isolated/nav_core/CMakeFiles/CMakeTmp

Run Build Command:"/usr/bin/make" "cmTC_fad7e/fast"
/usr/bin/make -f CMakeFiles/cmTC_fad7e.dir/build.make CMakeFiles/cmTC_fad7e.dir/build
make[1]: Entering directory '/home/thor/Dropbox/DTU_5_sem/Ros/masterTank/build_isolated/nav_core/CMakeFiles/CMakeTmp'
Building C object CMakeFiles/cmTC_fad7e.dir/CheckSymbolExists.c.o
/usr/bin/cc     -o CMakeFiles/cmTC_fad7e.dir/CheckSymbolExists.c.o   -c /home/thor/Dropbox/DTU_5_sem/Ros/masterTank/build_isolated/nav_core/CMakeFiles/CMakeTmp/CheckSymbolExists.c
Linking C executable cmTC_fad7e
/usr/bin/cmake -E cmake_link_script CMakeFiles/cmTC_fad7e.dir/link.txt --verbose=1
/usr/bin/cc       CMakeFiles/cmTC_fad7e.dir/CheckSymbolExists.c.o  -o cmTC_fad7e -rdynamic 
CMakeFiles/cmTC_fad7e.dir/CheckSymbolExists.c.o: In function `main':
CheckSymbolExists.c:(.text+0x16): undefined reference to `pthread_create'
collect2: error: ld returned 1 exit status
CMakeFiles/cmTC_fad7e.dir/build.make:97: recipe for target 'cmTC_fad7e' failed
make[1]: *** [cmTC_fad7e] Error 1
make[1]: Leaving directory '/home/thor/Dropbox/DTU_5_sem/Ros/masterTank/build_isolated/nav_core/CMakeFiles/CMakeTmp'
Makefile:126: recipe for target 'cmTC_fad7e/fast' failed
make: *** [cmTC_fad7e/fast] Error 2

File /home/thor/Dropbox/DTU_5_sem/Ros/masterTank/build_isolated/nav_core/CMakeFiles/CMakeTmp/CheckSymbolExists.c:
/* */
#include <pthread.h>

int main(int argc, char** argv)
{
  (void)argv;
#ifndef pthread_create
  return ((int*)(&pthread_create))[argc];
#else
  (void)argc;
  return 0;
#endif
}

Determining if the function pthread_create exists in the pthreads failed with the following output:
Change Dir: /home/thor/Dropbox/DTU_5_sem/Ros/masterTank/build_isolated/nav_core/CMakeFiles/CMakeTmp

Run Build Command:"/usr/bin/make" "cmTC_ee532/fast"
/usr/bin/make -f CMakeFiles/cmTC_ee532.dir/build.make CMakeFiles/cmTC_ee532.dir/build
make[1]: Entering directory '/home/thor/Dropbox/DTU_5_sem/Ros/masterTank/build_isolated/nav_core/CMakeFiles/CMakeTmp'
Building C object CMakeFiles/cmTC_ee532.dir/CheckFunctionExists.c.o
/usr/bin/cc    -DCHECK_FUNCTION_EXISTS=pthread_create   -o CMakeFiles/cmTC_ee532.dir/CheckFunctionExists.c.o   -c /usr/share/cmake-3.5/Modules/CheckFunctionExists.c
Linking C executable cmTC_ee532
/usr/bin/cmake -E cmake_link_script CMakeFiles/cmTC_ee532.dir/link.txt --verbose=1
/usr/bin/cc   -DCHECK_FUNCTION_EXISTS=pthread_create    CMakeFiles/cmTC_ee532.dir/CheckFunctionExists.c.o  -o cmTC_ee532 -rdynamic -lpthreads 
/usr/bin/ld: cannot find -lpthreads
collect2: error: ld returned 1 exit status
CMakeFiles/cmTC_ee532.dir/build.make:97: recipe for target 'cmTC_ee532' failed
make[1]: *** [cmTC_ee532] Error 1
make[1]: Leaving directory '/home/thor/Dropbox/DTU_5_sem/Ros/masterTank/build_isolated/nav_core/CMakeFiles/CMakeTmp'
Makefile:126: recipe for target 'cmTC_ee532/fast' failed
make: *** [cmTC_ee532/fast] Error 2


