Determining if the pthread_create exist failed with the following output:
Change Dir: /home/plinux/RosPacks/masterTank/build_isolated/costmap_2d/CMakeFiles/CMakeTmp

Run Build Command:"/usr/bin/make" "cmTC_93652/fast"
/usr/bin/make -f CMakeFiles/cmTC_93652.dir/build.make CMakeFiles/cmTC_93652.dir/build
make[1]: Entering directory '/home/plinux/RosPacks/masterTank/build_isolated/costmap_2d/CMakeFiles/CMakeTmp'
Building C object CMakeFiles/cmTC_93652.dir/CheckSymbolExists.c.o
/usr/bin/cc     -o CMakeFiles/cmTC_93652.dir/CheckSymbolExists.c.o   -c /home/plinux/RosPacks/masterTank/build_isolated/costmap_2d/CMakeFiles/CMakeTmp/CheckSymbolExists.c
Linking C executable cmTC_93652
/usr/bin/cmake -E cmake_link_script CMakeFiles/cmTC_93652.dir/link.txt --verbose=1
/usr/bin/cc       CMakeFiles/cmTC_93652.dir/CheckSymbolExists.c.o  -o cmTC_93652 -rdynamic 
CMakeFiles/cmTC_93652.dir/CheckSymbolExists.c.o: In function `main':
CheckSymbolExists.c:(.text+0x16): undefined reference to `pthread_create'
collect2: error: ld returned 1 exit status
CMakeFiles/cmTC_93652.dir/build.make:97: recipe for target 'cmTC_93652' failed
make[1]: *** [cmTC_93652] Error 1
make[1]: Leaving directory '/home/plinux/RosPacks/masterTank/build_isolated/costmap_2d/CMakeFiles/CMakeTmp'
Makefile:126: recipe for target 'cmTC_93652/fast' failed
make: *** [cmTC_93652/fast] Error 2

File /home/plinux/RosPacks/masterTank/build_isolated/costmap_2d/CMakeFiles/CMakeTmp/CheckSymbolExists.c:
/* */
#include <pthread.h>

int main(int argc, char** argv)
{
  (void)argv;
#ifndef pthread_create
  return ((int*)(&pthread_create))[argc];
#else
  (void)argc;
  return 0;
#endif
}

Determining if the function pthread_create exists in the pthreads failed with the following output:
Change Dir: /home/plinux/RosPacks/masterTank/build_isolated/costmap_2d/CMakeFiles/CMakeTmp

Run Build Command:"/usr/bin/make" "cmTC_233cc/fast"
/usr/bin/make -f CMakeFiles/cmTC_233cc.dir/build.make CMakeFiles/cmTC_233cc.dir/build
make[1]: Entering directory '/home/plinux/RosPacks/masterTank/build_isolated/costmap_2d/CMakeFiles/CMakeTmp'
Building C object CMakeFiles/cmTC_233cc.dir/CheckFunctionExists.c.o
/usr/bin/cc    -DCHECK_FUNCTION_EXISTS=pthread_create   -o CMakeFiles/cmTC_233cc.dir/CheckFunctionExists.c.o   -c /usr/share/cmake-3.5/Modules/CheckFunctionExists.c
Linking C executable cmTC_233cc
/usr/bin/cmake -E cmake_link_script CMakeFiles/cmTC_233cc.dir/link.txt --verbose=1
/usr/bin/cc   -DCHECK_FUNCTION_EXISTS=pthread_create    CMakeFiles/cmTC_233cc.dir/CheckFunctionExists.c.o  -o cmTC_233cc -rdynamic -lpthreads 
/usr/bin/ld: cannot find -lpthreads
collect2: error: ld returned 1 exit status
CMakeFiles/cmTC_233cc.dir/build.make:97: recipe for target 'cmTC_233cc' failed
make[1]: *** [cmTC_233cc] Error 1
make[1]: Leaving directory '/home/plinux/RosPacks/masterTank/build_isolated/costmap_2d/CMakeFiles/CMakeTmp'
Makefile:126: recipe for target 'cmTC_233cc/fast' failed
make: *** [cmTC_233cc/fast] Error 2


