Determining if the pthread_create exist failed with the following output:
Change Dir: /home/thor/Dropbox/DTU_5_sem/Ros/masterTank/build_isolated/driver_base/CMakeFiles/CMakeTmp

Run Build Command:"/usr/bin/make" "cmTC_30356/fast"
/usr/bin/make -f CMakeFiles/cmTC_30356.dir/build.make CMakeFiles/cmTC_30356.dir/build
make[1]: Entering directory '/home/thor/Dropbox/DTU_5_sem/Ros/masterTank/build_isolated/driver_base/CMakeFiles/CMakeTmp'
Building C object CMakeFiles/cmTC_30356.dir/CheckSymbolExists.c.o
/usr/bin/cc     -o CMakeFiles/cmTC_30356.dir/CheckSymbolExists.c.o   -c /home/thor/Dropbox/DTU_5_sem/Ros/masterTank/build_isolated/driver_base/CMakeFiles/CMakeTmp/CheckSymbolExists.c
Linking C executable cmTC_30356
/usr/bin/cmake -E cmake_link_script CMakeFiles/cmTC_30356.dir/link.txt --verbose=1
/usr/bin/cc       CMakeFiles/cmTC_30356.dir/CheckSymbolExists.c.o  -o cmTC_30356 -rdynamic 
CMakeFiles/cmTC_30356.dir/CheckSymbolExists.c.o: In function `main':
CheckSymbolExists.c:(.text+0x16): undefined reference to `pthread_create'
collect2: error: ld returned 1 exit status
CMakeFiles/cmTC_30356.dir/build.make:97: recipe for target 'cmTC_30356' failed
make[1]: *** [cmTC_30356] Error 1
make[1]: Leaving directory '/home/thor/Dropbox/DTU_5_sem/Ros/masterTank/build_isolated/driver_base/CMakeFiles/CMakeTmp'
Makefile:126: recipe for target 'cmTC_30356/fast' failed
make: *** [cmTC_30356/fast] Error 2

File /home/thor/Dropbox/DTU_5_sem/Ros/masterTank/build_isolated/driver_base/CMakeFiles/CMakeTmp/CheckSymbolExists.c:
/* */
#include <pthread.h>

int main(int argc, char** argv)
{
  (void)argv;
#ifndef pthread_create
  return ((int*)(&pthread_create))[argc];
#else
  (void)argc;
  return 0;
#endif
}

Determining if the function pthread_create exists in the pthreads failed with the following output:
Change Dir: /home/thor/Dropbox/DTU_5_sem/Ros/masterTank/build_isolated/driver_base/CMakeFiles/CMakeTmp

Run Build Command:"/usr/bin/make" "cmTC_83980/fast"
/usr/bin/make -f CMakeFiles/cmTC_83980.dir/build.make CMakeFiles/cmTC_83980.dir/build
make[1]: Entering directory '/home/thor/Dropbox/DTU_5_sem/Ros/masterTank/build_isolated/driver_base/CMakeFiles/CMakeTmp'
Building C object CMakeFiles/cmTC_83980.dir/CheckFunctionExists.c.o
/usr/bin/cc    -DCHECK_FUNCTION_EXISTS=pthread_create   -o CMakeFiles/cmTC_83980.dir/CheckFunctionExists.c.o   -c /usr/share/cmake-3.5/Modules/CheckFunctionExists.c
Linking C executable cmTC_83980
/usr/bin/cmake -E cmake_link_script CMakeFiles/cmTC_83980.dir/link.txt --verbose=1
/usr/bin/cc   -DCHECK_FUNCTION_EXISTS=pthread_create    CMakeFiles/cmTC_83980.dir/CheckFunctionExists.c.o  -o cmTC_83980 -rdynamic -lpthreads 
/usr/bin/ld: cannot find -lpthreads
collect2: error: ld returned 1 exit status
CMakeFiles/cmTC_83980.dir/build.make:97: recipe for target 'cmTC_83980' failed
make[1]: *** [cmTC_83980] Error 1
make[1]: Leaving directory '/home/thor/Dropbox/DTU_5_sem/Ros/masterTank/build_isolated/driver_base/CMakeFiles/CMakeTmp'
Makefile:126: recipe for target 'cmTC_83980/fast' failed
make: *** [cmTC_83980/fast] Error 2


